0 info it worked if it ends with ok
1 verbose cli [ '/usr/local/bin/node',
1 verbose cli   '/usr/local/bin/npm',
1 verbose cli   'publish',
1 verbose cli   '--force' ]
2 info using npm@1.4.3
3 info using node@v0.10.26
4 warn using --force I sure hope you know what you are doing.
5 verbose publish [ '.' ]
6 verbose cache add [ '.', null ]
7 verbose cache add name=undefined spec="." args=[".",null]
8 verbose parsed url { protocol: null,
8 verbose parsed url   slashes: null,
8 verbose parsed url   auth: null,
8 verbose parsed url   host: null,
8 verbose parsed url   port: null,
8 verbose parsed url   hostname: null,
8 verbose parsed url   hash: null,
8 verbose parsed url   search: null,
8 verbose parsed url   query: null,
8 verbose parsed url   pathname: '.',
8 verbose parsed url   path: '.',
8 verbose parsed url   href: '.' }
9 silly lockFile 3a52ce78- .
10 verbose lock . /home/jimmy/.npm/3a52ce78-.lock
11 verbose tar pack [ '/home/jimmy/tmp/npm-19890-1DB6qTzy/1403250290282-0.9704695863183588/tmp.tgz',
11 verbose tar pack   '.' ]
12 verbose tarball /home/jimmy/tmp/npm-19890-1DB6qTzy/1403250290282-0.9704695863183588/tmp.tgz
13 verbose folder .
14 info prepublish slush-angular-seed@0.0.1
15 silly lockFile 1f1177db-tar tar://.
16 verbose lock tar://. /home/jimmy/.npm/1f1177db-tar.lock
17 silly lockFile f4c5eeea-90282-0-9704695863183588-tmp-tgz tar:///home/jimmy/tmp/npm-19890-1DB6qTzy/1403250290282-0.9704695863183588/tmp.tgz
18 verbose lock tar:///home/jimmy/tmp/npm-19890-1DB6qTzy/1403250290282-0.9704695863183588/tmp.tgz /home/jimmy/.npm/f4c5eeea-90282-0-9704695863183588-tmp-tgz.lock
19 silly lockFile 1f1177db-tar tar://.
20 silly lockFile 1f1177db-tar tar://.
21 silly lockFile f4c5eeea-90282-0-9704695863183588-tmp-tgz tar:///home/jimmy/tmp/npm-19890-1DB6qTzy/1403250290282-0.9704695863183588/tmp.tgz
22 silly lockFile f4c5eeea-90282-0-9704695863183588-tmp-tgz tar:///home/jimmy/tmp/npm-19890-1DB6qTzy/1403250290282-0.9704695863183588/tmp.tgz
23 verbose tar unpack /home/jimmy/tmp/npm-19890-1DB6qTzy/1403250290282-0.9704695863183588/tmp.tgz
24 silly lockFile fdb9a6b6-90282-0-9704695863183588-package tar:///home/jimmy/tmp/npm-19890-1DB6qTzy/1403250290282-0.9704695863183588/package
25 verbose lock tar:///home/jimmy/tmp/npm-19890-1DB6qTzy/1403250290282-0.9704695863183588/package /home/jimmy/.npm/fdb9a6b6-90282-0-9704695863183588-package.lock
26 silly lockFile f4c5eeea-90282-0-9704695863183588-tmp-tgz tar:///home/jimmy/tmp/npm-19890-1DB6qTzy/1403250290282-0.9704695863183588/tmp.tgz
27 verbose lock tar:///home/jimmy/tmp/npm-19890-1DB6qTzy/1403250290282-0.9704695863183588/tmp.tgz /home/jimmy/.npm/f4c5eeea-90282-0-9704695863183588-tmp-tgz.lock
28 silly gunzTarPerm modes [ '755', '644' ]
29 silly gunzTarPerm extractEntry package.json
30 silly gunzTarPerm modified mode [ 'package.json', 436, 420 ]
31 silly gunzTarPerm extractEntry .npmignore
32 silly gunzTarPerm modified mode [ '.npmignore', 436, 420 ]
33 silly gunzTarPerm extractEntry README.md
34 silly gunzTarPerm modified mode [ 'README.md', 436, 420 ]
35 silly gunzTarPerm extractEntry slushfile.js
36 silly gunzTarPerm modified mode [ 'slushfile.js', 436, 420 ]
37 silly gunzTarPerm extractEntry template/README.md
38 silly gunzTarPerm modified mode [ 'template/README.md', 436, 420 ]
39 silly gunzTarPerm extractEntry template/gulpfile.js
40 silly gunzTarPerm modified mode [ 'template/gulpfile.js', 436, 420 ]
41 silly gunzTarPerm extractEntry template/server.js
42 silly gunzTarPerm modified mode [ 'template/server.js', 436, 420 ]
43 silly gunzTarPerm extractEntry template/_gitignore
44 silly gunzTarPerm modified mode [ 'template/_gitignore', 436, 420 ]
45 silly gunzTarPerm extractEntry template/mocks/foo.js
46 silly gunzTarPerm modified mode [ 'template/mocks/foo.js', 436, 420 ]
47 silly gunzTarPerm extractEntry template/mocks/module.js
48 silly gunzTarPerm modified mode [ 'template/mocks/module.js', 436, 420 ]
49 silly gunzTarPerm extractEntry template/public/index-dev.html
50 silly gunzTarPerm modified mode [ 'template/public/index-dev.html', 436, 420 ]
51 silly gunzTarPerm extractEntry template/public/index.html
52 silly gunzTarPerm modified mode [ 'template/public/index.html', 436, 420 ]
53 silly gunzTarPerm extractEntry template/public/lib/angular-mocks.js
54 silly gunzTarPerm modified mode [ 'template/public/lib/angular-mocks.js', 436, 420 ]
55 silly gunzTarPerm extractEntry template/public/lib/angular-ui-router.js
56 silly gunzTarPerm modified mode [ 'template/public/lib/angular-ui-router.js', 436, 420 ]
57 silly gunzTarPerm extractEntry template/public/lib/angular.js
58 silly gunzTarPerm modified mode [ 'template/public/lib/angular.js', 436, 420 ]
59 silly gunzTarPerm extractEntry template/scss/home.scss
60 silly gunzTarPerm modified mode [ 'template/scss/home.scss', 436, 420 ]
61 silly gunzTarPerm extractEntry template/scss/reset.scss
62 silly gunzTarPerm modified mode [ 'template/scss/reset.scss', 436, 420 ]
63 silly gunzTarPerm extractEntry template/src/module.js
64 silly gunzTarPerm modified mode [ 'template/src/module.js', 436, 420 ]
65 silly gunzTarPerm extractEntry template/src/routes.js
66 silly gunzTarPerm modified mode [ 'template/src/routes.js', 436, 420 ]
67 silly gunzTarPerm extractEntry template/src/home/HomeController.js
68 silly gunzTarPerm modified mode [ 'template/src/home/HomeController.js', 436, 420 ]
69 silly gunzTarPerm extractEntry template/views/home.html
70 silly gunzTarPerm modified mode [ 'template/views/home.html', 436, 420 ]
71 silly lockFile fdb9a6b6-90282-0-9704695863183588-package tar:///home/jimmy/tmp/npm-19890-1DB6qTzy/1403250290282-0.9704695863183588/package
72 silly lockFile fdb9a6b6-90282-0-9704695863183588-package tar:///home/jimmy/tmp/npm-19890-1DB6qTzy/1403250290282-0.9704695863183588/package
73 silly lockFile f4c5eeea-90282-0-9704695863183588-tmp-tgz tar:///home/jimmy/tmp/npm-19890-1DB6qTzy/1403250290282-0.9704695863183588/tmp.tgz
74 silly lockFile f4c5eeea-90282-0-9704695863183588-tmp-tgz tar:///home/jimmy/tmp/npm-19890-1DB6qTzy/1403250290282-0.9704695863183588/tmp.tgz
75 verbose tar pack [ '/home/jimmy/.npm/slush-angular-seed/0.0.1/package.tgz',
75 verbose tar pack   '/home/jimmy/tmp/npm-19890-1DB6qTzy/1403250290282-0.9704695863183588/package' ]
76 verbose tarball /home/jimmy/.npm/slush-angular-seed/0.0.1/package.tgz
77 verbose folder /home/jimmy/tmp/npm-19890-1DB6qTzy/1403250290282-0.9704695863183588/package
78 silly lockFile fdb9a6b6-90282-0-9704695863183588-package tar:///home/jimmy/tmp/npm-19890-1DB6qTzy/1403250290282-0.9704695863183588/package
79 verbose lock tar:///home/jimmy/tmp/npm-19890-1DB6qTzy/1403250290282-0.9704695863183588/package /home/jimmy/.npm/fdb9a6b6-90282-0-9704695863183588-package.lock
80 silly lockFile 7059082f-h-angular-seed-0-0-1-package-tgz tar:///home/jimmy/.npm/slush-angular-seed/0.0.1/package.tgz
81 verbose lock tar:///home/jimmy/.npm/slush-angular-seed/0.0.1/package.tgz /home/jimmy/.npm/7059082f-h-angular-seed-0-0-1-package-tgz.lock
82 silly lockFile fdb9a6b6-90282-0-9704695863183588-package tar:///home/jimmy/tmp/npm-19890-1DB6qTzy/1403250290282-0.9704695863183588/package
83 silly lockFile fdb9a6b6-90282-0-9704695863183588-package tar:///home/jimmy/tmp/npm-19890-1DB6qTzy/1403250290282-0.9704695863183588/package
84 silly lockFile 7059082f-h-angular-seed-0-0-1-package-tgz tar:///home/jimmy/.npm/slush-angular-seed/0.0.1/package.tgz
85 silly lockFile 7059082f-h-angular-seed-0-0-1-package-tgz tar:///home/jimmy/.npm/slush-angular-seed/0.0.1/package.tgz
86 silly lockFile 5a6deee7-slush-angular-seed-0-0-1-package /home/jimmy/.npm/slush-angular-seed/0.0.1/package
87 verbose lock /home/jimmy/.npm/slush-angular-seed/0.0.1/package /home/jimmy/.npm/5a6deee7-slush-angular-seed-0-0-1-package.lock
88 silly lockFile 5a6deee7-slush-angular-seed-0-0-1-package /home/jimmy/.npm/slush-angular-seed/0.0.1/package
89 silly lockFile 5a6deee7-slush-angular-seed-0-0-1-package /home/jimmy/.npm/slush-angular-seed/0.0.1/package
90 verbose tar unpack /home/jimmy/.npm/slush-angular-seed/0.0.1/package.tgz
91 silly lockFile 162f4eab-slush-angular-seed-0-0-1-package tar:///home/jimmy/.npm/slush-angular-seed/0.0.1/package
92 verbose lock tar:///home/jimmy/.npm/slush-angular-seed/0.0.1/package /home/jimmy/.npm/162f4eab-slush-angular-seed-0-0-1-package.lock
93 silly lockFile 7059082f-h-angular-seed-0-0-1-package-tgz tar:///home/jimmy/.npm/slush-angular-seed/0.0.1/package.tgz
94 verbose lock tar:///home/jimmy/.npm/slush-angular-seed/0.0.1/package.tgz /home/jimmy/.npm/7059082f-h-angular-seed-0-0-1-package-tgz.lock
95 silly gunzTarPerm modes [ '755', '644' ]
96 silly gunzTarPerm extractEntry package.json
97 silly gunzTarPerm extractEntry .npmignore
98 silly gunzTarPerm extractEntry README.md
99 silly gunzTarPerm extractEntry slushfile.js
100 silly gunzTarPerm extractEntry template/README.md
101 silly gunzTarPerm extractEntry template/gulpfile.js
102 silly gunzTarPerm extractEntry template/server.js
103 silly gunzTarPerm extractEntry template/_gitignore
104 silly gunzTarPerm extractEntry template/mocks/foo.js
105 silly gunzTarPerm extractEntry template/mocks/module.js
106 silly gunzTarPerm extractEntry template/public/index-dev.html
107 silly gunzTarPerm extractEntry template/public/index.html
108 silly gunzTarPerm extractEntry template/public/lib/angular-mocks.js
109 silly gunzTarPerm extractEntry template/public/lib/angular-ui-router.js
110 silly gunzTarPerm extractEntry template/public/lib/angular.js
111 silly gunzTarPerm extractEntry template/scss/home.scss
112 silly gunzTarPerm extractEntry template/scss/reset.scss
113 silly gunzTarPerm extractEntry template/src/module.js
114 silly gunzTarPerm extractEntry template/src/routes.js
115 silly gunzTarPerm extractEntry template/src/home/HomeController.js
116 silly gunzTarPerm extractEntry template/views/home.html
117 silly lockFile 162f4eab-slush-angular-seed-0-0-1-package tar:///home/jimmy/.npm/slush-angular-seed/0.0.1/package
118 silly lockFile 162f4eab-slush-angular-seed-0-0-1-package tar:///home/jimmy/.npm/slush-angular-seed/0.0.1/package
119 silly lockFile 7059082f-h-angular-seed-0-0-1-package-tgz tar:///home/jimmy/.npm/slush-angular-seed/0.0.1/package.tgz
120 silly lockFile 7059082f-h-angular-seed-0-0-1-package-tgz tar:///home/jimmy/.npm/slush-angular-seed/0.0.1/package.tgz
121 verbose chmod /home/jimmy/.npm/slush-angular-seed/0.0.1/package.tgz 644
122 verbose chown /home/jimmy/.npm/slush-angular-seed/0.0.1/package.tgz [ 1000, 1000 ]
123 silly lockFile 3a52ce78- .
124 silly lockFile 3a52ce78- .
125 silly publish { name: 'slush-angular-seed',
125 silly publish   version: '0.0.1',
125 silly publish   description: 'Slush generator for AngularJS small projects',
125 silly publish   main: 'slushfile.js',
125 silly publish   repository:
125 silly publish    { type: 'git',
125 silly publish      url: 'git://github.com/darlanalves/slush-angular-lab' },
125 silly publish   keywords: [ 'slushgenerator', 'angular', 'gulp' ],
125 silly publish   author: { name: 'Darlan Alves', email: 'darlan@moovia.com' },
125 silly publish   license: 'ISC',
125 silly publish   bugs: { url: 'https://github.com/darlanalves/slush-angular-lab/issues' },
125 silly publish   homepage: 'https://github.com/darlanalves/slush-angular-lab',
125 silly publish   dependencies:
125 silly publish    { 'gulp-rename': '1.2.0',
125 silly publish      multipipe: '0.1.1',
125 silly publish      'underscore.string': '2.3.3',
125 silly publish      'gulp-install': '0.1.5',
125 silly publish      'gulp-template': '0.1.1',
125 silly publish      'gulp-conflict': '0.1.2',
125 silly publish      inquirer: '0.5.1',
125 silly publish      gulp: '3.8.1',
125 silly publish      async: '^0.9.0' },
125 silly publish   readme: '# Slush Generator for AngularJS app\n\n## Wat?\n\n```\nnpm install -g slush\nmkdir angular-seed\ncd angular-seed\nslush angular-seed\n\n```\n\n## What it covers\n\nHey! It\'s meant to small projects! Don\'t take it too seriously!\n\n- One module for the entire project\n\n- Karma configs for unit testing\n\n- Gulpfile ready to go with:\n\t- SASS\n\t- Angular template cache\n\t- Uglify\n\t- Watchers\n\t- Mock-ups',
125 silly publish   readmeFilename: 'README.md',
125 silly publish   _id: 'slush-angular-seed@0.0.1',
125 silly publish   dist: { shasum: '97d4cc0543b73926df7ed6cdefcd6a0f147ac140' },
125 silly publish   _from: '.' }
126 verbose url raw slush-angular-seed
127 verbose url resolving [ 'https://registry.npmjs.org/', './slush-angular-seed' ]
128 verbose url resolved https://registry.npmjs.org/slush-angular-seed
129 info trying registry request attempt 1 at 04:44:51
130 http PUT https://registry.npmjs.org/slush-angular-seed
131 http 403 https://registry.npmjs.org/slush-angular-seed
132 error publish Failed PUT 403
133 error Error: forbidden cannot modify pre-existing version: 0.0.1
133 error old={"name":"slush-angular-seed","version":"0.0.1","description":"Slush generator for AngularJS simple experiments","main":"slushfile.js","repository":{"type":"git","url":"git://github.com/darlanalves/slush-angular-lab"},"keywords":["slushgenerator","angular","gulp"],"author":{"name":"Darlan Alves","email":"darlan@moovia.com"},"license":"ISC","bugs":{"url":"https://github.com/darlanalves/slush-angular-lab/issues"},"homepage":"https://github.com/darlanalves/slush-angular-lab","dependencies":{"gulp-rename":"1.2.0","multipipe":"0.1.1","underscore.string":"2.3.3","gulp-install":"0.1.5","gulp-template":"0.1.1","gulp-conflict":"0.1.2","inquirer":"0.5.1","gulp":"3.8.1","async":"^0.9.0"},"_id":"slush-angular-seed@0.0.1","dist":{"shasum":"f97e3ae1c9f0381dc5fa32ebeeb36b38fa404ee7","tarball":"http://registry.npmjs.org/slush-angular-seed/-/slush-angular-seed-0.0.1.tgz"},"_from":".","_npmVersion":"1.4.3","_npmUser":{"name":"jimmynewtron","email":"darlan@moovia.com"},"maintainers":[{"name":"jimmynewtron","email":"darlan@moovia.com"}]}
133 error new={"name":"slush-angular-seed","version":"0.0.1","description":"Slush generator for AngularJS small projects","main":"slushfile.js","repository":{"type":"git","url":"git://github.com/darlanalves/slush-angular-lab"},"keywords":["slushgenerator","angular","gulp"],"author":{"name":"Darlan Alves","email":"darlan@moovia.com"},"license":"ISC","bugs":{"url":"https://github.com/darlanalves/slush-angular-lab/issues"},"homepage":"https://github.com/darlanalves/slush-angular-lab","dependencies":{"gulp-rename":"1.2.0","multipipe":"0.1.1","underscore.string":"2.3.3","gulp-install":"0.1.5","gulp-template":"0.1.1","gulp-conflict":"0.1.2","inquirer":"0.5.1","gulp":"3.8.1","async":"^0.9.0"},"readme":"# Slush Generator for AngularJS app\u000a\u000a## Wat?\u000a\u000a```\u000anpm install -g slush\u000amkdir angular-seed\u000acd angular-seed\u000aslush angular-seed\u000a\u000a```\u000a\u000a## What it covers\u000a\u000aHey! It's meant to small projects! Don't take it too seriously!\u000a\u000a- One module for the entire project\u000a\u000a- Karma configs for unit testing\u000a\u000a- Gulpfile ready to go with:\u000a\u0009- SASS\u000a\u0009- Angular template cache\u000a\u0009- Uglify\u000a\u0009- Watchers\u000a\u0009- Mock-ups","readmeFilename":"README.md","_id":"slush-angular-seed@0.0.1","dist":{"shasum":"97d4cc0543b73926df7ed6cdefcd6a0f147ac140","tarball":"http://registry.npmjs.org/slush-angular-seed/-/slush-angular-seed-0.0.1.tgz"},"_from":".","_npmVersion":"1.4.3","_npmUser":{"name":"jimmynewtron","email":"darlan@moovia.com"},"maintainers":[{"name":"jimmynewtron","email":"darlan@moovia.com"}]}: slush-angular-seed
133 error     at RegClient.<anonymous> (/usr/local/lib/node_modules/npm/node_modules/npm-registry-client/lib/request.js:237:14)
133 error     at Request.self.callback (/usr/local/lib/node_modules/npm/node_modules/request/request.js:123:22)
133 error     at Request.EventEmitter.emit (events.js:98:17)
133 error     at Request.<anonymous> (/usr/local/lib/node_modules/npm/node_modules/request/request.js:893:14)
133 error     at Request.EventEmitter.emit (events.js:117:20)
133 error     at IncomingMessage.<anonymous> (/usr/local/lib/node_modules/npm/node_modules/request/request.js:844:12)
133 error     at IncomingMessage.EventEmitter.emit (events.js:117:20)
133 error     at _stream_readable.js:920:16
133 error     at process._tickCallback (node.js:415:13)
134 error If you need help, you may report this *entire* log,
134 error including the npm and node versions, at:
134 error     <http://github.com/npm/npm/issues>
135 error System Linux 3.13.0-29-generic
136 error command "/usr/local/bin/node" "/usr/local/bin/npm" "publish" "--force"
137 error cwd /home/jimmy/Web/labs/slush/slush-angular-seed
138 error node -v v0.10.26
139 error npm -v 1.4.3
140 verbose exit [ 1, true ]
